

*******************************************************************************
Wed Nov  3 19:29:01 2021


FIT:    data read from "circuito_3.txt" u ($1*1e-6):($3*1e-3)
        format = x:z
        #datapoints = 7
        residuals are weighted equally (unit weight)

function used for fitting: f(x)
	f(x)=0.5*sin(omega1*x+phi1)+0.5*sin(omega2*x+phi2)+c
fitted parameters initialized with current variable values

iter      chisq       delta/lim  lambda   phi1          phi2          c            
   0 8.9067341481e+00   0.00e+00  6.42e-01    1.000000e+00   1.000000e+00   1.000000e+00
   7 3.1967486479e-03  -2.44e-02  6.42e-08   -1.435620e+00  -1.700967e+00   9.531938e-01

After 7 iterations the fit converged.
final sum of squares of residuals : 0.00319675
rel. change during last iteration : -2.44356e-07

degrees of freedom    (FIT_NDF)                        : 4
rms of residuals      (FIT_STDFIT) = sqrt(WSSR/ndf)    : 0.0282699
variance of residuals (reduced chisquare) = WSSR/ndf   : 0.000799187

Final set of parameters            Asymptotic Standard Error
=======================            ==========================
phi1            = -1.43562         +/- 0.03285      (2.288%)
phi2            = -1.70097         +/- 0.03803      (2.236%)
c               = 0.953194         +/- 0.01083      (1.136%)

correlation matrix of the fit parameters:
                phi1   phi2   c      
phi1            1.000 
phi2           -0.263  1.000 
c              -0.003  0.158  1.000 


*******************************************************************************
Wed Nov  3 19:33:20 2021


FIT:    data read from "circuito_3.txt" u ($1*1e-6):($3*1e-3)
        format = x:z
        x range restricted to [0.00000 : 0.00200000]
        #datapoints = 7
        residuals are weighted equally (unit weight)

function used for fitting: f(x)
	f(x)=0.5*sin(omega1*x+phi1)+0.5*sin(omega2*x+phi2)+c
fitted parameters initialized with current variable values

iter      chisq       delta/lim  lambda   phi1          phi2          c            
   0 3.1967486479e-03   0.00e+00  6.82e-01   -1.435620e+00  -1.700967e+00   9.531938e-01
   1 3.1967486479e-03   0.00e+00  6.82e+04   -1.435620e+00  -1.700967e+00   9.531938e-01

After 1 iterations the fit converged.
final sum of squares of residuals : 0.00319675
rel. change during last iteration : 0

degrees of freedom    (FIT_NDF)                        : 4
rms of residuals      (FIT_STDFIT) = sqrt(WSSR/ndf)    : 0.0282699
variance of residuals (reduced chisquare) = WSSR/ndf   : 0.000799187

Final set of parameters            Asymptotic Standard Error
=======================            ==========================
phi1            = -1.43562         +/- 0.03285      (2.288%)
phi2            = -1.70097         +/- 0.03803      (2.236%)
c               = 0.953194         +/- 0.01083      (1.136%)

correlation matrix of the fit parameters:
                phi1   phi2   c      
phi1            1.000 
phi2           -0.263  1.000 
c              -0.003  0.158  1.000 




*******************************************************************************
Wed Nov  3 19:43:31 2021


FIT:    data read from "circuito_3.txt" u ($1*1e-6):($3*-1e-3)
        format = x:z
        #datapoints = 7
        residuals are weighted equally (unit weight)

function used for fitting: f(x)
	f(x)=0.5*sin(omega1*x+phi1)+0.5*sin(omega2*x+phi2)+c
fitted parameters initialized with current variable values

iter      chisq       delta/lim  lambda   phi1          phi2          c            
   0 2.5663201925e+01   0.00e+00  6.42e-01    1.000000e+00   1.000000e+00   1.000000e+00
   4 3.1967486229e-03  -7.74e-01  6.42e-05    1.705992e+00   1.440640e+00  -9.531948e-01

After 4 iterations the fit converged.
final sum of squares of residuals : 0.00319675
rel. change during last iteration : -7.7377e-06

degrees of freedom    (FIT_NDF)                        : 4
rms of residuals      (FIT_STDFIT) = sqrt(WSSR/ndf)    : 0.0282699
variance of residuals (reduced chisquare) = WSSR/ndf   : 0.000799187

Final set of parameters            Asymptotic Standard Error
=======================            ==========================
phi1            = 1.70599          +/- 0.03285      (1.926%)
phi2            = 1.44064          +/- 0.03803      (2.64%)
c               = -0.953195        +/- 0.01083      (1.136%)

correlation matrix of the fit parameters:
                phi1   phi2   c      
phi1            1.000 
phi2           -0.263  1.000 
c               0.003 -0.158  1.000 
