Circuit: SchemaAssemblaggioCirc1_ottimizzato_unica_terra

WARNING: Less than two connections to node 5.  This node is used by C3.
WARNING: Less than two connections to node 1.  This node is used by R5.
WARNING: Less than two connections to node 2.  This node is used by C4.
.OP point found by inspection.

Date: Mon Oct 25 22:03:41 2021
Total elapsed time: 0.085 seconds.

tnom = 27
temp = 27
method = modified trap
totiter = 2082
traniter = 2082
tranpoints = 1042
accept = 1042
rejected = 0
matrix size = 5
fillins = 0
solver = Normal
Matrix Compiler1: 132 bytes object code size  0.1/0.1/[0.0]
Matrix Compiler2: 267 bytes object code size  0.0/0.1/[0.0]

